<?xml version="1.0" encoding="UTF-8"?>
<!-- Generated by org.testng.reporters.JUnitReportReporter -->
<testsuite skipped="0" hostname="Navdeep-Laptop" name="com.Tests.LoginTest" tests="2" failures="0" timestamp="02 Jul 2020 02:59:33 GMT" time="5.733" errors="0">
  <testcase name="CheckTitle" time="0.012" classname="com.Tests.LoginTest"/>
  <testcase name="Loginn" time="5.721" classname="com.Tests.LoginTest"/>
</testsuite> <!-- com.Tests.LoginTest -->
